<?xml version="1.0" encoding="UTF-8"?>
<!-- Generated by org.testng.reporters.JUnitXMLReporter -->
<testsuite hostname="sisahdlpt083" ignored="11" name="Default test" tests="32" failures="1" timestamp="14 Apr 2021 08:23:38 GMT" time="765.273" errors="0">
  <testcase name="inviteBorrower" time="5.171" classname="com.qa.tests.SITWorkflow"/>
  <testcase name="CreateBorrower" time="6.166" classname="com.qa.tests.SITWorkflow"/>
  <testcase name="updateprofiledata" time="61.468" classname="com.qa.tests.SITWorkflow"/>
  <testcase name="UpdateIncome" time="53.899" classname="com.qa.tests.SITWorkflow"/>
  <testcase name="updatedeclaration" time="48.442" classname="com.qa.tests.SITWorkflow"/>
  <testcase name="getBorrowerPrfile" time="6.827" classname="com.qa.tests.SITWorkflow"/>
  <testcase name="getBorrowerIncome" time="5.859" classname="com.qa.tests.SITWorkflow"/>
  <testcase name="getBorrowerAsset" time="10.943" classname="com.qa.tests.SITWorkflow"/>
  <testcase name="getBorrowerLiabilities" time="8.457" classname="com.qa.tests.SITWorkflow"/>
  <testcase name="getBorrowerDeclaration" time="5.381" classname="com.qa.tests.SITWorkflow"/>
  <testcase name="getLoansByBorrowerUsername" time="4.65" classname="com.qa.tests.SITWorkflow"/>
  <testcase name="getBorrowerByUsername" time="5.305" classname="com.qa.tests.SITWorkflow"/>
  <testcase name="getLoanLogs" time="10.547" classname="com.qa.tests.SITWorkflow"/>
  <testcase name="getAllLoanDetails" time="13.422" classname="com.qa.tests.SITWorkflow">
    <failure type="java.lang.AssertionError" message="status code is nt 200 ok expected [200] but found [502]">
      <![CDATA[java.lang.AssertionError: status code is nt 200 ok expected [200] but found [502]
	at org.testng.Assert.fail(Assert.java:94)
	at org.testng.Assert.failNotEquals(Assert.java:513)
	at org.testng.Assert.assertEqualsImpl(Assert.java:135)
	at org.testng.Assert.assertEquals(Assert.java:116)
	at org.testng.Assert.assertEquals(Assert.java:389)
	at com.qa.tests.SITWorkflow.getAllLoanDetails(SITWorkflow.java:823)
	at sun.reflect.NativeMethodAccessorImpl.invoke0(Native Method)
	at sun.reflect.NativeMethodAccessorImpl.invoke(NativeMethodAccessorImpl.java:62)
	at sun.reflect.DelegatingMethodAccessorImpl.invoke(DelegatingMethodAccessorImpl.java:43)
	at java.lang.reflect.Method.invoke(Method.java:498)
	at org.testng.internal.MethodInvocationHelper.invokeMethod(MethodInvocationHelper.java:104)
	at org.testng.internal.Invoker.invokeMethod(Invoker.java:645)
	at org.testng.internal.Invoker.invokeTestMethod(Invoker.java:851)
	at org.testng.internal.Invoker.invokeTestMethods(Invoker.java:1177)
	at org.testng.internal.TestMethodWorker.invokeTestMethods(TestMethodWorker.java:129)
	at org.testng.internal.TestMethodWorker.run(TestMethodWorker.java:112)
	at org.testng.TestRunner.privateRun(TestRunner.java:756)
	at org.testng.TestRunner.run(TestRunner.java:610)
	at org.testng.SuiteRunner.runTest(SuiteRunner.java:387)
	at org.testng.SuiteRunner.runSequentially(SuiteRunner.java:382)
	at org.testng.SuiteRunner.privateRun(SuiteRunner.java:340)
	at org.testng.SuiteRunner.run(SuiteRunner.java:289)
	at org.testng.SuiteRunnerWorker.runSuite(SuiteRunnerWorker.java:52)
	at org.testng.SuiteRunnerWorker.run(SuiteRunnerWorker.java:86)
	at org.testng.TestNG.runSuitesSequentially(TestNG.java:1293)
	at org.testng.TestNG.runSuitesLocally(TestNG.java:1218)
	at org.testng.TestNG.runSuites(TestNG.java:1133)
	at org.testng.TestNG.run(TestNG.java:1104)
	at org.testng.remote.AbstractRemoteTestNG.run(AbstractRemoteTestNG.java:115)
	at org.testng.remote.RemoteTestNG.initAndRun(RemoteTestNG.java:251)
	at org.testng.remote.RemoteTestNG.main(RemoteTestNG.java:77)
]]>
    </failure>
  </testcase> <!-- getAllLoanDetails -->
  <testcase name="getAllActiveLoanDetails" time="3.021" classname="com.qa.tests.SITWorkflow"/>
  <testcase name="getAllApplicationsDetails" time="139.03" classname="com.qa.tests.SITWorkflow"/>
  <testcase name="getAllCLosedLoansDetails" time="7.292" classname="com.qa.tests.SITWorkflow"/>
  <testcase name="getLoandata" time="6.709" classname="com.qa.tests.SITWorkflow"/>
  <testcase name="getApplicationdata" time="3.85" classname="com.qa.tests.SITWorkflow"/>
  <testcase name="getSummaryOfLoan" time="6.874" classname="com.qa.tests.SITWorkflow"/>
  <testcase name="getLoaninReviewStatus" time="13.624" classname="com.qa.tests.SITWorkflow"/>
  <testcase name="getAllLoaninReviewStatus" time="64.502" classname="com.qa.tests.SITWorkflow"/>
  <testcase name="getBorrowerLogs" time="7.469" classname="com.qa.tests.SITWorkflow"/>
  <testcase name="getBorrowerList" time="205.02" classname="com.qa.tests.SITWorkflow"/>
  <testcase name="getBorrowerProfileDetails" time="2.203" classname="com.qa.tests.SITWorkflow"/>
  <testcase name="getLoanOfficerList" time="8.332" classname="com.qa.tests.SITWorkflow"/>
  <testcase name="getLoanOfficerDetails" time="2.355" classname="com.qa.tests.SITWorkflow"/>
  <testcase name="getLoansOfLoanofficer" time="29.165" classname="com.qa.tests.SITWorkflow"/>
  <testcase name="getBrandedCodeOfLoanofficer" time="2.138" classname="com.qa.tests.SITWorkflow"/>
  <testcase name="RedirectToSummaryScreen" time="2.635" classname="com.qa.tests.SITWorkflow"/>
  <testcase name="RedirectToDocumentScreen" time="2.829" classname="com.qa.tests.SITWorkflow"/>
  <testcase name="RedirectToConditionsScreen" time="2.905" classname="com.qa.tests.SITWorkflow"/>
  <testcase name="getBorrowerAcountDetails" time="0.0" classname="com.qa.tests.SITWorkflow">
    <ignored/>
  </testcase> <!-- getBorrowerAcountDetails -->
  <testcase name="DownloadPerticularConditionsDocument" time="0.0" classname="com.qa.tests.SITWorkflow">
    <ignored/>
  </testcase> <!-- DownloadPerticularConditionsDocument -->
  <testcase name="getApplicationData" time="0.0" classname="com.qa.tests.SITWorkflow">
    <ignored/>
  </testcase> <!-- getApplicationData -->
  <testcase name="getPerticularConditionsDocument" time="0.0" classname="com.qa.tests.SITWorkflow">
    <ignored/>
  </testcase> <!-- getPerticularConditionsDocument -->
  <testcase name="getreadFullLoanContainer" time="0.0" classname="com.qa.tests.SITWorkflow">
    <ignored/>
  </testcase> <!-- getreadFullLoanContainer -->
  <testcase name="getApplicantsByLoanId" time="0.0" classname="com.qa.tests.SITWorkflow">
    <ignored/>
  </testcase> <!-- getApplicantsByLoanId -->
  <testcase name="getAllCondition" time="0.0" classname="com.qa.tests.SITWorkflow">
    <ignored/>
  </testcase> <!-- getAllCondition -->
  <testcase name="DeletePerticularConditionsDocument" time="0.0" classname="com.qa.tests.SITWorkflow">
    <ignored/>
  </testcase> <!-- DeletePerticularConditionsDocument -->
  <testcase name="getAllConditionsDocuments" time="0.0" classname="com.qa.tests.SITWorkflow">
    <ignored/>
  </testcase> <!-- getAllConditionsDocuments -->
  <testcase name="UpdateLoanstatus" time="0.0" classname="com.qa.tests.SITWorkflow">
    <ignored/>
  </testcase> <!-- UpdateLoanstatus -->
  <testcase name="SubmitCondition" time="0.0" classname="com.qa.tests.SITWorkflow">
    <ignored/>
  </testcase> <!-- SubmitCondition -->
</testsuite> <!-- Default test -->
