<?xml version="1.0" encoding="UTF-8"?>
<testng-results skipped="0" failed="1" ignored="11" total="43" passed="31">
  <reporter-output>
  </reporter-output>
  <suite name="Default suite" duration-ms="765273" started-at="2021-04-14T08:10:52Z" finished-at="2021-04-14T08:23:38Z">
    <groups>
    </groups>
    <test name="Default test" duration-ms="765273" started-at="2021-04-14T08:10:52Z" finished-at="2021-04-14T08:23:38Z">
      <class name="com.qa.tests.SITWorkflow">
        <test-method status="PASS" signature="setUp()[pri:0, instance:com.qa.tests.SITWorkflow@6cc4c815]" name="setUp" is-config="true" duration-ms="8648" started-at="2021-04-14T13:40:52Z" finished-at="2021-04-14T13:41:01Z">
          <reporter-output>
          </reporter-output>
        </test-method> <!-- setUp -->
        <test-method status="PASS" signature="inviteBorrower()[pri:1, instance:com.qa.tests.SITWorkflow@6cc4c815]" name="inviteBorrower" duration-ms="5171" started-at="2021-04-14T13:41:01Z" finished-at="2021-04-14T13:41:06Z">
          <reporter-output>
          </reporter-output>
        </test-method> <!-- inviteBorrower -->
        <test-method status="PASS" signature="CreateBorrower()[pri:2, instance:com.qa.tests.SITWorkflow@6cc4c815]" name="CreateBorrower" duration-ms="6166" started-at="2021-04-14T13:41:06Z" finished-at="2021-04-14T13:41:12Z">
          <reporter-output>
          </reporter-output>
        </test-method> <!-- CreateBorrower -->
        <test-method status="PASS" signature="updateprofiledata()[pri:3, instance:com.qa.tests.SITWorkflow@6cc4c815]" name="updateprofiledata" duration-ms="61468" started-at="2021-04-14T13:41:12Z" finished-at="2021-04-14T13:42:14Z">
          <reporter-output>
          </reporter-output>
        </test-method> <!-- updateprofiledata -->
        <test-method status="PASS" signature="UpdateIncome()[pri:4, instance:com.qa.tests.SITWorkflow@6cc4c815]" name="UpdateIncome" duration-ms="53899" started-at="2021-04-14T13:42:14Z" finished-at="2021-04-14T13:43:08Z">
          <reporter-output>
          </reporter-output>
        </test-method> <!-- UpdateIncome -->
        <test-method status="PASS" signature="updatedeclaration()[pri:5, instance:com.qa.tests.SITWorkflow@6cc4c815]" name="updatedeclaration" duration-ms="48442" started-at="2021-04-14T13:43:08Z" finished-at="2021-04-14T13:43:56Z">
          <reporter-output>
          </reporter-output>
        </test-method> <!-- updatedeclaration -->
        <test-method status="PASS" signature="getBorrowerPrfile()[pri:6, instance:com.qa.tests.SITWorkflow@6cc4c815]" name="getBorrowerPrfile" duration-ms="6827" started-at="2021-04-14T13:43:56Z" finished-at="2021-04-14T13:44:03Z">
          <reporter-output>
          </reporter-output>
        </test-method> <!-- getBorrowerPrfile -->
        <test-method status="PASS" signature="getBorrowerIncome()[pri:7, instance:com.qa.tests.SITWorkflow@6cc4c815]" name="getBorrowerIncome" duration-ms="5859" started-at="2021-04-14T13:44:03Z" finished-at="2021-04-14T13:44:09Z">
          <reporter-output>
          </reporter-output>
        </test-method> <!-- getBorrowerIncome -->
        <test-method status="PASS" signature="getBorrowerAsset()[pri:8, instance:com.qa.tests.SITWorkflow@6cc4c815]" name="getBorrowerAsset" duration-ms="10943" started-at="2021-04-14T13:44:09Z" finished-at="2021-04-14T13:44:20Z">
          <reporter-output>
          </reporter-output>
        </test-method> <!-- getBorrowerAsset -->
        <test-method status="PASS" signature="getBorrowerLiabilities()[pri:9, instance:com.qa.tests.SITWorkflow@6cc4c815]" name="getBorrowerLiabilities" duration-ms="8457" started-at="2021-04-14T13:44:20Z" finished-at="2021-04-14T13:44:28Z">
          <reporter-output>
          </reporter-output>
        </test-method> <!-- getBorrowerLiabilities -->
        <test-method status="PASS" signature="getBorrowerDeclaration()[pri:10, instance:com.qa.tests.SITWorkflow@6cc4c815]" name="getBorrowerDeclaration" duration-ms="5381" started-at="2021-04-14T13:44:28Z" finished-at="2021-04-14T13:44:34Z">
          <reporter-output>
          </reporter-output>
        </test-method> <!-- getBorrowerDeclaration -->
        <test-method status="PASS" signature="getLoansByBorrowerUsername()[pri:11, instance:com.qa.tests.SITWorkflow@6cc4c815]" name="getLoansByBorrowerUsername" duration-ms="4650" started-at="2021-04-14T13:44:34Z" finished-at="2021-04-14T13:44:38Z">
          <reporter-output>
          </reporter-output>
        </test-method> <!-- getLoansByBorrowerUsername -->
        <test-method status="PASS" signature="getBorrowerByUsername()[pri:13, instance:com.qa.tests.SITWorkflow@6cc4c815]" name="getBorrowerByUsername" duration-ms="5305" started-at="2021-04-14T13:44:38Z" finished-at="2021-04-14T13:44:44Z">
          <reporter-output>
          </reporter-output>
        </test-method> <!-- getBorrowerByUsername -->
        <test-method status="PASS" signature="getLoanLogs()[pri:14, instance:com.qa.tests.SITWorkflow@6cc4c815]" name="getLoanLogs" duration-ms="10547" started-at="2021-04-14T13:44:44Z" finished-at="2021-04-14T13:44:54Z">
          <reporter-output>
          </reporter-output>
        </test-method> <!-- getLoanLogs -->
        <test-method status="FAIL" signature="getAllLoanDetails()[pri:15, instance:com.qa.tests.SITWorkflow@6cc4c815]" name="getAllLoanDetails" duration-ms="13422" started-at="2021-04-14T13:44:54Z" finished-at="2021-04-14T13:45:08Z">
          <exception class="java.lang.AssertionError">
            <message>
              <![CDATA[status code is nt 200 ok expected [200] but found [502]]]>
            </message>
            <full-stacktrace>
              <![CDATA[java.lang.AssertionError: status code is nt 200 ok expected [200] but found [502]
	at org.testng.Assert.fail(Assert.java:94)
	at org.testng.Assert.failNotEquals(Assert.java:513)
	at org.testng.Assert.assertEqualsImpl(Assert.java:135)
	at org.testng.Assert.assertEquals(Assert.java:116)
	at org.testng.Assert.assertEquals(Assert.java:389)
	at com.qa.tests.SITWorkflow.getAllLoanDetails(SITWorkflow.java:823)
	at sun.reflect.NativeMethodAccessorImpl.invoke0(Native Method)
	at sun.reflect.NativeMethodAccessorImpl.invoke(NativeMethodAccessorImpl.java:62)
	at sun.reflect.DelegatingMethodAccessorImpl.invoke(DelegatingMethodAccessorImpl.java:43)
	at java.lang.reflect.Method.invoke(Method.java:498)
	at org.testng.internal.MethodInvocationHelper.invokeMethod(MethodInvocationHelper.java:104)
	at org.testng.internal.Invoker.invokeMethod(Invoker.java:645)
	at org.testng.internal.Invoker.invokeTestMethod(Invoker.java:851)
	at org.testng.internal.Invoker.invokeTestMethods(Invoker.java:1177)
	at org.testng.internal.TestMethodWorker.invokeTestMethods(TestMethodWorker.java:129)
	at org.testng.internal.TestMethodWorker.run(TestMethodWorker.java:112)
	at org.testng.TestRunner.privateRun(TestRunner.java:756)
	at org.testng.TestRunner.run(TestRunner.java:610)
	at org.testng.SuiteRunner.runTest(SuiteRunner.java:387)
	at org.testng.SuiteRunner.runSequentially(SuiteRunner.java:382)
	at org.testng.SuiteRunner.privateRun(SuiteRunner.java:340)
	at org.testng.SuiteRunner.run(SuiteRunner.java:289)
	at org.testng.SuiteRunnerWorker.runSuite(SuiteRunnerWorker.java:52)
	at org.testng.SuiteRunnerWorker.run(SuiteRunnerWorker.java:86)
	at org.testng.TestNG.runSuitesSequentially(TestNG.java:1293)
	at org.testng.TestNG.runSuitesLocally(TestNG.java:1218)
	at org.testng.TestNG.runSuites(TestNG.java:1133)
	at org.testng.TestNG.run(TestNG.java:1104)
	at org.testng.remote.AbstractRemoteTestNG.run(AbstractRemoteTestNG.java:115)
	at org.testng.remote.RemoteTestNG.initAndRun(RemoteTestNG.java:251)
	at org.testng.remote.RemoteTestNG.main(RemoteTestNG.java:77)
]]>
            </full-stacktrace>
          </exception> <!-- java.lang.AssertionError -->
          <reporter-output>
          </reporter-output>
        </test-method> <!-- getAllLoanDetails -->
        <test-method status="PASS" signature="getAllActiveLoanDetails()[pri:16, instance:com.qa.tests.SITWorkflow@6cc4c815]" name="getAllActiveLoanDetails" duration-ms="3021" started-at="2021-04-14T13:45:08Z" finished-at="2021-04-14T13:45:11Z">
          <reporter-output>
          </reporter-output>
        </test-method> <!-- getAllActiveLoanDetails -->
        <test-method status="PASS" signature="getAllApplicationsDetails()[pri:17, instance:com.qa.tests.SITWorkflow@6cc4c815]" name="getAllApplicationsDetails" duration-ms="139030" started-at="2021-04-14T13:45:11Z" finished-at="2021-04-14T13:47:30Z">
          <reporter-output>
          </reporter-output>
        </test-method> <!-- getAllApplicationsDetails -->
        <test-method status="PASS" signature="getAllCLosedLoansDetails()[pri:18, instance:com.qa.tests.SITWorkflow@6cc4c815]" name="getAllCLosedLoansDetails" duration-ms="7292" started-at="2021-04-14T13:47:30Z" finished-at="2021-04-14T13:47:37Z">
          <reporter-output>
          </reporter-output>
        </test-method> <!-- getAllCLosedLoansDetails -->
        <test-method status="PASS" signature="getLoandata()[pri:19, instance:com.qa.tests.SITWorkflow@6cc4c815]" name="getLoandata" duration-ms="6709" started-at="2021-04-14T13:47:37Z" finished-at="2021-04-14T13:47:44Z">
          <reporter-output>
          </reporter-output>
        </test-method> <!-- getLoandata -->
        <test-method status="PASS" signature="getApplicationdata()[pri:20, instance:com.qa.tests.SITWorkflow@6cc4c815]" name="getApplicationdata" duration-ms="3850" started-at="2021-04-14T13:47:44Z" finished-at="2021-04-14T13:47:48Z">
          <reporter-output>
          </reporter-output>
        </test-method> <!-- getApplicationdata -->
        <test-method status="PASS" signature="getSummaryOfLoan()[pri:21, instance:com.qa.tests.SITWorkflow@6cc4c815]" name="getSummaryOfLoan" duration-ms="6874" started-at="2021-04-14T13:47:48Z" finished-at="2021-04-14T13:47:54Z">
          <reporter-output>
          </reporter-output>
        </test-method> <!-- getSummaryOfLoan -->
        <test-method status="PASS" signature="getLoaninReviewStatus()[pri:22, instance:com.qa.tests.SITWorkflow@6cc4c815]" name="getLoaninReviewStatus" duration-ms="13624" started-at="2021-04-14T13:47:54Z" finished-at="2021-04-14T13:48:08Z">
          <reporter-output>
          </reporter-output>
        </test-method> <!-- getLoaninReviewStatus -->
        <test-method status="PASS" signature="getAllLoaninReviewStatus()[pri:23, instance:com.qa.tests.SITWorkflow@6cc4c815]" name="getAllLoaninReviewStatus" duration-ms="64502" started-at="2021-04-14T13:48:08Z" finished-at="2021-04-14T13:49:13Z">
          <reporter-output>
          </reporter-output>
        </test-method> <!-- getAllLoaninReviewStatus -->
        <test-method status="PASS" signature="getBorrowerLogs()[pri:24, instance:com.qa.tests.SITWorkflow@6cc4c815]" name="getBorrowerLogs" duration-ms="7469" started-at="2021-04-14T13:49:13Z" finished-at="2021-04-14T13:49:20Z">
          <reporter-output>
          </reporter-output>
        </test-method> <!-- getBorrowerLogs -->
        <test-method status="PASS" signature="getBorrowerList()[pri:25, instance:com.qa.tests.SITWorkflow@6cc4c815]" name="getBorrowerList" duration-ms="205020" started-at="2021-04-14T13:49:20Z" finished-at="2021-04-14T13:52:45Z">
          <reporter-output>
          </reporter-output>
        </test-method> <!-- getBorrowerList -->
        <test-method status="PASS" signature="getBorrowerProfileDetails()[pri:26, instance:com.qa.tests.SITWorkflow@6cc4c815]" name="getBorrowerProfileDetails" duration-ms="2203" started-at="2021-04-14T13:52:45Z" finished-at="2021-04-14T13:52:47Z">
          <reporter-output>
          </reporter-output>
        </test-method> <!-- getBorrowerProfileDetails -->
        <test-method status="PASS" signature="getLoanOfficerList()[pri:27, instance:com.qa.tests.SITWorkflow@6cc4c815]" name="getLoanOfficerList" duration-ms="8332" started-at="2021-04-14T13:52:47Z" finished-at="2021-04-14T13:52:56Z">
          <reporter-output>
          </reporter-output>
        </test-method> <!-- getLoanOfficerList -->
        <test-method status="PASS" signature="getLoanOfficerDetails()[pri:28, instance:com.qa.tests.SITWorkflow@6cc4c815]" name="getLoanOfficerDetails" duration-ms="2355" started-at="2021-04-14T13:52:56Z" finished-at="2021-04-14T13:52:58Z">
          <reporter-output>
          </reporter-output>
        </test-method> <!-- getLoanOfficerDetails -->
        <test-method status="PASS" signature="getLoansOfLoanofficer()[pri:29, instance:com.qa.tests.SITWorkflow@6cc4c815]" name="getLoansOfLoanofficer" duration-ms="29165" started-at="2021-04-14T13:52:58Z" finished-at="2021-04-14T13:53:27Z">
          <reporter-output>
          </reporter-output>
        </test-method> <!-- getLoansOfLoanofficer -->
        <test-method status="PASS" signature="getBrandedCodeOfLoanofficer()[pri:30, instance:com.qa.tests.SITWorkflow@6cc4c815]" name="getBrandedCodeOfLoanofficer" duration-ms="2138" started-at="2021-04-14T13:53:27Z" finished-at="2021-04-14T13:53:29Z">
          <reporter-output>
          </reporter-output>
        </test-method> <!-- getBrandedCodeOfLoanofficer -->
        <test-method status="PASS" signature="RedirectToSummaryScreen()[pri:31, instance:com.qa.tests.SITWorkflow@6cc4c815]" name="RedirectToSummaryScreen" duration-ms="2635" started-at="2021-04-14T13:53:29Z" finished-at="2021-04-14T13:53:32Z">
          <reporter-output>
          </reporter-output>
        </test-method> <!-- RedirectToSummaryScreen -->
        <test-method status="PASS" signature="RedirectToDocumentScreen()[pri:32, instance:com.qa.tests.SITWorkflow@6cc4c815]" name="RedirectToDocumentScreen" duration-ms="2829" started-at="2021-04-14T13:53:32Z" finished-at="2021-04-14T13:53:35Z">
          <reporter-output>
          </reporter-output>
        </test-method> <!-- RedirectToDocumentScreen -->
        <test-method status="PASS" signature="RedirectToConditionsScreen()[pri:33, instance:com.qa.tests.SITWorkflow@6cc4c815]" name="RedirectToConditionsScreen" duration-ms="2905" started-at="2021-04-14T13:53:35Z" finished-at="2021-04-14T13:53:38Z">
          <reporter-output>
          </reporter-output>
        </test-method> <!-- RedirectToConditionsScreen -->
      </class> <!-- com.qa.tests.SITWorkflow -->
    </test> <!-- Default test -->
  </suite> <!-- Default suite -->
</testng-results>
